<?xml version="1.0" encoding="UTF-8"?>
<testsuite xmlns:xsi="http://www.w3.org/2001/XMLSchema-instance" xsi:noNamespaceSchemaLocation="https://maven.apache.org/surefire/maven-surefire-plugin/xsd/surefire-test-report.xsd" version="3.0.2" name="com.travelplatform.backend.controller.ActivityControllerTest$ActivityManagement" time="0.126" tests="4" errors="0" skipped="0" failures="0">
  <properties>
[...]
</properties>
  <testcase name="shouldUpdateActivitySuccessfully" classname="com.travelplatform.backend.controller.ActivityControllerTest$ActivityManagement" time="0.045">
    <system-out><![CDATA[2025-09-02T15:06:56.548-04:00  INFO 9474 --- [Travel Platform] [           main] o.s.mock.web.MockServletContext          : Initializing Spring TestDispatcherServlet ''
2025-09-02T15:06:56.551-04:00  INFO 9474 --- [Travel Platform] [           main] o.s.t.web.servlet.TestDispatcherServlet  : Initializing Servlet ''
2025-09-02T15:06:56.551-04:00  INFO 9474 --- [Travel Platform] [           main] o.s.t.web.servlet.TestDispatcherServlet  : Completed initialization in 0 ms
]]></system-out>
  </testcase>
  <testcase name="shouldReturn404WhenUpdatingNonExistentActivity" classname="com.travelplatform.backend.controller.ActivityControllerTest$ActivityManagement" time="0.044">
    <system-out><![CDATA[2025-09-02T15:06:56.592-04:00  INFO 9474 --- [Travel Platform] [           main] o.s.mock.web.MockServletContext          : Initializing Spring TestDispatcherServlet ''
2025-09-02T15:06:56.593-04:00  INFO 9474 --- [Travel Platform] [           main] o.s.t.web.servlet.TestDispatcherServlet  : Initializing Servlet ''
2025-09-02T15:06:56.593-04:00  INFO 9474 --- [Travel Platform] [           main] o.s.t.web.servlet.TestDispatcherServlet  : Completed initialization in 0 ms
]]></system-out>
  </testcase>
  <testcase name="shouldDeleteActivitySuccessfully" classname="com.travelplatform.backend.controller.ActivityControllerTest$ActivityManagement" time="0.014">
    <system-out><![CDATA[2025-09-02T15:06:56.628-04:00  INFO 9474 --- [Travel Platform] [           main] o.s.mock.web.MockServletContext          : Initializing Spring TestDispatcherServlet ''
2025-09-02T15:06:56.628-04:00  INFO 9474 --- [Travel Platform] [           main] o.s.t.web.servlet.TestDispatcherServlet  : Initializing Servlet ''
2025-09-02T15:06:56.628-04:00  INFO 9474 --- [Travel Platform] [           main] o.s.t.web.servlet.TestDispatcherServlet  : Completed initialization in 0 ms
]]></system-out>
  </testcase>
  <testcase name="shouldReturn404WhenDeletingNonExistentActivity" classname="com.travelplatform.backend.controller.ActivityControllerTest$ActivityManagement" time="0.013">
    <system-out><![CDATA[2025-09-02T15:06:56.639-04:00  INFO 9474 --- [Travel Platform] [           main] o.s.mock.web.MockServletContext          : Initializing Spring TestDispatcherServlet ''
2025-09-02T15:06:56.639-04:00  INFO 9474 --- [Travel Platform] [           main] o.s.t.web.servlet.TestDispatcherServlet  : Initializing Servlet ''
2025-09-02T15:06:56.639-04:00  INFO 9474 --- [Travel Platform] [           main] o.s.t.web.servlet.TestDispatcherServlet  : Completed initialization in 0 ms
]]></system-out>
  </testcase>
</testsuite>