<?xml version="1.0" encoding="UTF-8"?>
<testsuite xmlns:xsi="http://www.w3.org/2001/XMLSchema-instance" xsi:noNamespaceSchemaLocation="https://maven.apache.org/surefire/maven-surefire-plugin/xsd/surefire-test-report.xsd" version="3.0.2" name="com.travelplatform.backend.repository.UserRepositoryTest" time="7.072" tests="2" errors="0" skipped="0" failures="0">
  <properties>
[...]
</properties>
  <testcase name="testFindByEmail" classname="com.travelplatform.backend.repository.UserRepositoryTest" time="0.505">
    <system-out><![CDATA[18:19:31.691 [main] INFO org.springframework.test.context.support.AnnotationConfigContextLoaderUtils -- Could not detect default configuration classes for test class [com.travelplatform.backend.repository.UserRepositoryTest]: UserRepositoryTest does not declare any static, non-private, non-final, nested classes annotated with @Configuration.
18:19:31.842 [main] INFO org.springframework.boot.test.context.SpringBootTestContextBootstrapper -- Found @SpringBootConfiguration com.travelplatform.backend.TravelPlatformApplication for test class com.travelplatform.backend.repository.UserRepositoryTest
18:19:31.948 [main] INFO org.springframework.boot.devtools.restart.RestartApplicationListener -- Restart disabled due to context in which it is running

  .   ____          _            __ _ _
 /\\ / ___'_ __ _ _(_)_ __  __ _ \ \ \ \
( ( )\___ | '_ | '_| | '_ \/ _` | \ \ \ \
 \\/  ___)| |_)| | | | | || (_| |  ) ) ) )
  '  |____| .__|_| |_|_| |_\__, | / / / /
 =========|_|==============|___/=/_/_/_/

 :: Spring Boot ::                (v3.5.3)

2025-09-02T18:19:32.401-04:00  INFO 3335 --- [Travel Platform] [           main] c.t.b.repository.UserRepositoryTest      : Starting UserRepositoryTest using Java 17.0.16 with PID 3335 (started by kepelbaum in /home/kepelbaum/repos/travel-platform/backend)
2025-09-02T18:19:32.402-04:00 DEBUG 3335 --- [Travel Platform] [           main] c.t.b.repository.UserRepositoryTest      : Running with Spring Boot v3.5.3, Spring v6.2.8
2025-09-02T18:19:32.402-04:00  INFO 3335 --- [Travel Platform] [           main] c.t.b.repository.UserRepositoryTest      : The following 1 profile is active: "test"
2025-09-02T18:19:32.869-04:00  INFO 3335 --- [Travel Platform] [           main] .s.d.r.c.RepositoryConfigurationDelegate : Bootstrapping Spring Data JPA repositories in DEFAULT mode.
2025-09-02T18:19:33.071-04:00  INFO 3335 --- [Travel Platform] [           main] .s.d.r.c.RepositoryConfigurationDelegate : Finished Spring Data repository scanning in 171 ms. Found 5 JPA repository interfaces.
2025-09-02T18:19:33.143-04:00  INFO 3335 --- [Travel Platform] [           main] beddedDataSourceBeanFactoryPostProcessor : Replacing 'dataSource' DataSource bean with embedded version
2025-09-02T18:19:33.255-04:00  INFO 3335 --- [Travel Platform] [           main] o.s.j.d.e.EmbeddedDatabaseFactory        : Starting embedded database: url='jdbc:h2:mem:322102ce-0248-4448-add7-c066347dc6e0;DB_CLOSE_DELAY=-1;DB_CLOSE_ON_EXIT=false', username='sa'
2025-09-02T18:19:33.634-04:00  INFO 3335 --- [Travel Platform] [           main] o.hibernate.jpa.internal.util.LogHelper  : HHH000204: Processing PersistenceUnitInfo [name: default]
2025-09-02T18:19:33.733-04:00  INFO 3335 --- [Travel Platform] [           main] org.hibernate.Version                    : HHH000412: Hibernate ORM core version 6.6.18.Final
2025-09-02T18:19:33.816-04:00  INFO 3335 --- [Travel Platform] [           main] o.h.c.internal.RegionFactoryInitiator    : HHH000026: Second-level cache disabled
2025-09-02T18:19:34.135-04:00  INFO 3335 --- [Travel Platform] [           main] o.s.o.j.p.SpringPersistenceUnitInfo      : No LoadTimeWeaver setup: ignoring JPA class transformer
2025-09-02T18:19:34.201-04:00  WARN 3335 --- [Travel Platform] [           main] org.hibernate.orm.deprecation            : HHH90000025: H2Dialect does not need to be specified explicitly using 'hibernate.dialect' (remove the property setting and it will be selected by default)
2025-09-02T18:19:34.220-04:00  INFO 3335 --- [Travel Platform] [           main] org.hibernate.orm.connections.pooling    : HHH10001005: Database info:
	Database JDBC URL [Connecting through datasource 'org.springframework.jdbc.datasource.embedded.EmbeddedDatabaseFactory$EmbeddedDataSourceProxy@7493d937']
	Database driver: undefined/unknown
	Database version: 2.3.232
	Autocommit mode: undefined/unknown
	Isolation level: undefined/unknown
	Minimum pool size: undefined/unknown
	Maximum pool size: undefined/unknown
2025-09-02T18:19:35.072-04:00  INFO 3335 --- [Travel Platform] [           main] o.h.e.t.j.p.i.JtaPlatformInitiator       : HHH000489: No JTA platform available (set 'hibernate.transaction.jta.platform' to enable JTA platform integration)
Hibernate: 
    drop table if exists activities cascade 
Hibernate: 
    drop table if exists destinations cascade 
Hibernate: 
    drop table if exists trip_activities cascade 
Hibernate: 
    drop table if exists trip_destinations cascade 
Hibernate: 
    drop table if exists trips cascade 
Hibernate: 
    drop table if exists users cascade 
Hibernate: 
    create table activities (
        duration_minutes integer not null,
        estimated_cost float(53),
        estimated_duration integer,
        is_custom boolean not null,
        latitude numeric(10,7),
        longitude numeric(10,7),
        price_level integer,
        rating numeric(3,2),
        user_ratings_total integer,
        created_at timestamp(6),
        destination_id bigint not null,
        id bigint generated by default as identity,
        updated_at timestamp(6),
        category varchar(100) not null,
        phone varchar(100),
        name varchar(500) not null,
        place_id varchar(500),
        address TEXT,
        description TEXT,
        opening_hours TEXT,
        photo_url TEXT,
        reviews_json TEXT,
        website TEXT,
        primary key (id)
    )
Hibernate: 
    create table destinations (
        latitude numeric(10,7),
        longitude numeric(10,7),
        rating numeric(3,2),
        id bigint generated by default as identity,
        country varchar(255) not null,
        description TEXT,
        image_url varchar(255),
        name varchar(255) not null,
        place_id varchar(255),
        timezone varchar(255),
        primary key (id)
    )
Hibernate: 
    create table trip_activities (
        actual_cost integer,
        custom_estimated_cost float(53),
        duration_minutes integer not null,
        planned_date date not null,
        start_time time(6) not null,
        activity_id bigint,
        created_at timestamp(6),
        id bigint generated by default as identity,
        trip_id bigint not null,
        custom_category varchar(255),
        custom_description TEXT,
        custom_name varchar(255),
        notes TEXT,
        timezone varchar(255),
        primary key (id)
    )
Hibernate: 
    create table trip_destinations (
        destination_id bigint not null,
        trip_id bigint not null
    )
Hibernate: 
    create table trips (
        budget numeric(10,2),
        end_date date not null,
        start_date date not null,
        created_at timestamp(6),
        id bigint generated by default as identity,
        updated_at timestamp(6),
        user_id bigint,
        name varchar(255) not null,
        status enum ('ACTIVE','COMPLETED','DRAFT','PLANNED'),
        primary key (id)
    )
Hibernate: 
    create table users (
        created_at timestamp(6),
        id bigint generated by default as identity,
        updated_at timestamp(6),
        name varchar(100) not null,
        email varchar(255) not null unique,
        password varchar(255) not null,
        preferences TEXT,
        primary key (id)
    )
Hibernate: 
    create index idx_activities_destination_id 
       on activities (destination_id)
Hibernate: 
    create index idx_activities_place_id 
       on activities (place_id)
Hibernate: 
    create index idx_activities_category 
       on activities (category)
Hibernate: 
    create index idx_activities_custom 
       on activities (is_custom)
Hibernate: 
    create index idx_destinations_location 
       on destinations (latitude, longitude)
Hibernate: 
    create index idx_destinations_place_id 
       on destinations (place_id)
Hibernate: 
    create index idx_trip_activities_conflict 
       on trip_activities (trip_id, planned_date, start_time)
Hibernate: 
    create index idx_trip_activities_trip_id 
       on trip_activities (trip_id)
Hibernate: 
    create index idx_trips_user_id 
       on trips (user_id)
Hibernate: 
    create index idx_trips_status 
       on trips (status)
Hibernate: 
    create index idx_trips_dates 
       on trips (start_date, end_date)
Hibernate: 
    create index idx_users_email 
       on users (email)
Hibernate: 
    alter table if exists activities 
       add constraint FK2oooqkhm3kxy3yijondygnl9x 
       foreign key (destination_id) 
       references destinations
Hibernate: 
    alter table if exists trip_activities 
       add constraint FKtjlskwebmswrgjtx0aa5it9o1 
       foreign key (activity_id) 
       references activities
Hibernate: 
    alter table if exists trip_activities 
       add constraint FKk9bhin3j8fpxmbdijhv37sbmh 
       foreign key (trip_id) 
       references trips
Hibernate: 
    alter table if exists trip_destinations 
       add constraint FKq8hf3ky47iisi6ju3ytw3sjjh 
       foreign key (destination_id) 
       references destinations
Hibernate: 
    alter table if exists trip_destinations 
       add constraint FKh3925g6v3srpi0kw4x9k0w8ww 
       foreign key (trip_id) 
       references trips
Hibernate: 
    alter table if exists trips 
       add constraint FK8wb14dx6ed0bpp3planbay88u 
       foreign key (user_id) 
       references users
2025-09-02T18:19:35.135-04:00  INFO 3335 --- [Travel Platform] [           main] j.LocalContainerEntityManagerFactoryBean : Initialized JPA EntityManagerFactory for persistence unit 'default'
2025-09-02T18:19:35.519-04:00  INFO 3335 --- [Travel Platform] [           main] o.s.d.j.r.query.QueryEnhancerFactory     : Hibernate is in classpath; If applicable, HQL parser will be used.
2025-09-02T18:19:38.032-04:00  INFO 3335 --- [Travel Platform] [           main] c.t.b.repository.UserRepositoryTest      : Started UserRepositoryTest in 6.097 seconds (process running for 7.188)
Hibernate: 
    insert 
    into
        users
        (created_at, email, name, password, preferences, updated_at, id) 
    values
        (?, ?, ?, ?, ?, ?, default)
Hibernate: 
    select
        u1_0.id,
        u1_0.created_at,
        u1_0.email,
        u1_0.name,
        u1_0.password,
        u1_0.preferences,
        u1_0.updated_at 
    from
        users u1_0 
    where
        u1_0.email=?
]]></system-out>
  </testcase>
  <testcase name="testExistsByEmail" classname="com.travelplatform.backend.repository.UserRepositoryTest" time="0.011">
    <system-out><![CDATA[Hibernate: 
    insert 
    into
        users
        (created_at, email, name, password, preferences, updated_at, id) 
    values
        (?, ?, ?, ?, ?, ?, default)
Hibernate: 
    select
        u1_0.id 
    from
        users u1_0 
    where
        u1_0.email=? 
    fetch
        first ? rows only
Hibernate: 
    select
        u1_0.id 
    from
        users u1_0 
    where
        u1_0.email=? 
    fetch
        first ? rows only
]]></system-out>
  </testcase>
</testsuite>